# JRE version: Java(TM) SE Runtime Environment (8.0_341-b10) (build 1.8.0_341-b10)
# Java VM: Java HotSpot(TM) 64-Bit Server VM (25.341-b10 mixed mode windows-amd64 compressed oops)
Heap:
 PSYoungGen      total 534528K, used 228334K [0x0000000740000000, 0x0000000763300000, 0x00000007c0000000)
  eden space 509440K, 39% used [0x0000000740000000,0x000000074c67f8c0,0x000000075f180000)
  from space 25088K, 99% used [0x0000000760f80000,0x00000007627fc120,0x0000000762800000)
  to   space 30720K, 0% used [0x000000075f180000,0x000000075f180000,0x0000000760f80000)
 ParOldGen       total 173568K, used 16187K [0x0000000640000000, 0x000000064a980000, 0x0000000740000000)
  object space 173568K, 9% used [0x0000000640000000,0x0000000640fcee28,0x000000064a980000)
 Metaspace       used 12727K, capacity 12934K, committed 13184K, reserved 1060864K
  class space    used 1524K, capacity 1596K, committed 1664K, reserved 1048576K
GC Heap History (10 events):
Event: 1.030 GC heap before
{Heap before GC invocations=4 (full 0):
 PSYoungGen      total 75776K, used 73959K [0x0000000740000000, 0x0000000749400000, 0x00000007c0000000)
  eden space 65024K, 100% used [0x0000000740000000,0x0000000743f80000,0x0000000743f80000)
  from space 10752K, 83% used [0x0000000743f80000,0x0000000744839d70,0x0000000744a00000)
  to   space 10752K, 0% used [0x0000000748980000,0x0000000748980000,0x0000000749400000)
 ParOldGen       total 173568K, used 32K [0x0000000640000000, 0x000000064a980000, 0x0000000740000000)
  object space 173568K, 0% used [0x0000000640000000,0x0000000640008000,0x000000064a980000)
 Metaspace       used 12724K, capacity 12934K, committed 13184K, reserved 1060864K
  class space    used 1524K, capacity 1596K, committed 1664K, reserved 1048576K
Event: 1.036 GC heap after
Heap after GC invocations=4 (full 0):
 PSYoungGen      total 140800K, used 10739K [0x0000000740000000, 0x0000000749400000, 0x00000007c0000000)
  eden space 130048K, 0% used [0x0000000740000000,0x0000000740000000,0x0000000747f00000)
  from space 10752K, 99% used [0x0000000748980000,0x00000007493fcf98,0x0000000749400000)
  to   space 10752K, 0% used [0x0000000747f00000,0x0000000747f00000,0x0000000748980000)
 ParOldGen       total 173568K, used 477K [0x0000000640000000, 0x000000064a980000, 0x0000000740000000)
  object space 173568K, 0% used [0x0000000640000000,0x0000000640077630,0x000000064a980000)
 Metaspace       used 12724K, capacity 12934K, committed 13184K, reserved 1060864K
  class space    used 1524K, capacity 1596K, committed 1664K, reserved 1048576K
}
Event: 1.183 GC heap before
{Heap before GC invocations=5 (full 0):
 PSYoungGen      total 140800K, used 140787K [0x0000000740000000, 0x0000000749400000, 0x00000007c0000000)
  eden space 130048K, 100% used [0x0000000740000000,0x0000000747f00000,0x0000000747f00000)
  from space 10752K, 99% used [0x0000000748980000,0x00000007493fcf98,0x0000000749400000)
  to   space 10752K, 0% used [0x0000000747f00000,0x0000000747f00000,0x0000000748980000)
 ParOldGen       total 173568K, used 477K [0x0000000640000000, 0x000000064a980000, 0x0000000740000000)
  object space 173568K, 0% used [0x0000000640000000,0x0000000640077630,0x000000064a980000)
 Metaspace       used 12724K, capacity 12934K, committed 13184K, reserved 1060864K
  class space    used 1524K, capacity 1596K, committed 1664K, reserved 1048576K
Event: 1.190 GC heap after
Heap after GC invocations=5 (full 0):
 PSYoungGen      total 140800K, used 10746K [0x0000000740000000, 0x0000000751e00000, 0x00000007c0000000)
  eden space 130048K, 0% used [0x0000000740000000,0x0000000740000000,0x0000000747f00000)
  from space 10752K, 99% used [0x0000000747f00000,0x000000074897ea10,0x0000000748980000)
  to   space 16384K, 0% used [0x0000000750e00000,0x0000000750e00000,0x0000000751e00000)
 ParOldGen       total 173568K, used 5588K [0x0000000640000000, 0x000000064a980000, 0x0000000740000000)
  object space 173568K, 3% used [0x0000000640000000,0x0000000640575310,0x000000064a980000)
 Metaspace       used 12724K, capacity 12934K, committed 13184K, reserved 1060864K
  class space    used 1524K, capacity 1596K, committed 1664K, reserved 1048576K
}
Event: 1.306 GC heap before
{Heap before GC invocations=6 (full 0):
 PSYoungGen      total 140800K, used 140794K [0x0000000740000000, 0x0000000751e00000, 0x00000007c0000000)
  eden space 130048K, 100% used [0x0000000740000000,0x0000000747f00000,0x0000000747f00000)
  from space 10752K, 99% used [0x0000000747f00000,0x000000074897ea10,0x0000000748980000)
  to   space 16384K, 0% used [0x0000000750e00000,0x0000000750e00000,0x0000000751e00000)
 ParOldGen       total 173568K, used 5588K [0x0000000640000000, 0x000000064a980000, 0x0000000740000000)
  object space 173568K, 3% used [0x0000000640000000,0x0000000640575310,0x000000064a980000)
 Metaspace       used 12727K, capacity 12934K, committed 13184K, reserved 1060864K
  class space    used 1524K, capacity 1596K, committed 1664K, reserved 1048576K
Event: 1.313 GC heap after
Heap after GC invocations=6 (full 0):
 PSYoungGen      total 273920K, used 15863K [0x0000000740000000, 0x0000000752300000, 0x00000007c0000000)
  eden space 257536K, 0% used [0x0000000740000000,0x0000000740000000,0x000000074fb80000)
  from space 16384K, 96% used [0x0000000750e00000,0x0000000751d7df28,0x0000000751e00000)
  to   space 18944K, 0% used [0x000000074fb80000,0x000000074fb80000,0x0000000750e00000)
 ParOldGen       total 173568K, used 5596K [0x0000000640000000, 0x000000064a980000, 0x0000000740000000)
  object space 173568K, 3% used [0x0000000640000000,0x0000000640577310,0x000000064a980000)
 Metaspace       used 12727K, capacity 12934K, committed 13184K, reserved 1060864K
  class space    used 1524K, capacity 1596K, committed 1664K, reserved 1048576K
}
Event: 1.567 GC heap before
{Heap before GC invocations=7 (full 0):
 PSYoungGen      total 273920K, used 273399K [0x0000000740000000, 0x0000000752300000, 0x00000007c0000000)
  eden space 257536K, 100% used [0x0000000740000000,0x000000074fb80000,0x000000074fb80000)
  from space 16384K, 96% used [0x0000000750e00000,0x0000000751d7df28,0x0000000751e00000)
  to   space 18944K, 0% used [0x000000074fb80000,0x000000074fb80000,0x0000000750e00000)
 ParOldGen       total 173568K, used 5596K [0x0000000640000000, 0x000000064a980000, 0x0000000740000000)
  object space 173568K, 3% used [0x0000000640000000,0x0000000640577310,0x000000064a980000)
 Metaspace       used 12727K, capacity 12934K, committed 13184K, reserved 1060864K
  class space    used 1524K, capacity 1596K, committed 1664K, reserved 1048576K
Event: 1.581 GC heap after
Heap after GC invocations=7 (full 0):
 PSYoungGen      total 276480K, used 18944K [0x0000000740000000, 0x0000000762800000, 0x00000007c0000000)
  eden space 257536K, 0% used [0x0000000740000000,0x0000000740000000,0x000000074fb80000)
  from space 18944K, 100% used [0x000000074fb80000,0x0000000750e00000,0x0000000750e00000)
  to   space 25088K, 0% used [0x0000000760f80000,0x0000000760f80000,0x0000000762800000)
 ParOldGen       total 173568K, used 12331K [0x0000000640000000, 0x000000064a980000, 0x0000000740000000)
  object space 173568K, 7% used [0x0000000640000000,0x0000000640c0acc0,0x000000064a980000)
 Metaspace       used 12727K, capacity 12934K, committed 13184K, reserved 1060864K
  class space    used 1524K, capacity 1596K, committed 1664K, reserved 1048576K
}
Event: 1.817 GC heap before
{Heap before GC invocations=8 (full 0):
 PSYoungGen      total 276480K, used 276480K [0x0000000740000000, 0x0000000762800000, 0x00000007c0000000)
  eden space 257536K, 100% used [0x0000000740000000,0x000000074fb80000,0x000000074fb80000)
  from space 18944K, 100% used [0x000000074fb80000,0x0000000750e00000,0x0000000750e00000)
  to   space 25088K, 0% used [0x0000000760f80000,0x0000000760f80000,0x0000000762800000)
 ParOldGen       total 173568K, used 12331K [0x0000000640000000, 0x000000064a980000, 0x0000000740000000)
  object space 173568K, 7% used [0x0000000640000000,0x0000000640c0acc0,0x000000064a980000)
 Metaspace       used 12727K, capacity 12934K, committed 13184K, reserved 1060864K
  class space    used 1524K, capacity 1596K, committed 1664K, reserved 1048576K
Event: 1.831 GC heap after
Heap after GC invocations=8 (full 0):
 PSYoungGen      total 534528K, used 25072K [0x0000000740000000, 0x0000000763300000, 0x00000007c0000000)
  eden space 509440K, 0% used [0x0000000740000000,0x0000000740000000,0x000000075f180000)
  from space 25088K, 99% used [0x0000000760f80000,0x00000007627fc120,0x0000000762800000)
  to   space 30720K, 0% used [0x000000075f180000,0x000000075f180000,0x0000000760f80000)
 ParOldGen       total 173568K, used 16187K [0x0000000640000000, 0x000000064a980000, 0x0000000740000000)
  object space 173568K, 9% used [0x0000000640000000,0x0000000640fcee28,0x000000064a980000)
 Metaspace       used 12727K, capacity 12934K, committed 13184K, reserved 1060864K
  class space    used 1524K, capacity 1596K, committed 1664K, reserved 1048576K
}

